<?xml version="1.0" encoding="UTF-8"?>
<!-- Generated by org.testng.reporters.JUnitReportReporter -->
<testsuite ignored="0" hostname="DESKTOP-3RJO6BK" failures="0" tests="1" name="com.TestNG.Selenium.TestNG_IntitalRun" time="0.022" errors="0" timestamp="02 Oct 2023 05:23:54 GMT" skipped="0">
  <testcase classname="com.TestNG.Selenium.TestNG_IntitalRun" name="namaste" time="0.022"/>
</testsuite> <!-- com.TestNG.Selenium.TestNG_IntitalRun -->
