<?xml version="1.0" encoding="UTF-8"?>
<!-- Generated by org.testng.reporters.JUnitReportReporter -->
<testsuite ignored="0" hostname="DESKTOP-3RJO6BK" failures="0" tests="1" name="com.RadioButtons.RadioButtonsBlocksTest" time="1.896" errors="0" timestamp="03 Oct 2023 10:17:48 GMT" skipped="0">
  <testcase classname="com.RadioButtons.RadioButtonsBlocksTest" name="radioButtonsTest" time="1.896"/>
</testsuite> <!-- com.RadioButtons.RadioButtonsBlocksTest -->
