<?xml version="1.0" encoding="UTF-8"?>
<!-- Generated by org.testng.reporters.JUnitReportReporter -->
<testsuite ignored="0" hostname="DESKTOP-3RJO6BK" failures="0" tests="1" name="com.TestNG.Selenium.Ohrm_Login_EmpData_Logout_PropertiesFile" time="0.972" errors="0" timestamp="04 Oct 2023 09:48:08 GMT" skipped="0">
  <testcase classname="com.TestNG.Selenium.Ohrm_Login_EmpData_Logout_PropertiesFile" name="orangeHrmWebApplicationLoginPage" time="0.972"/>
</testsuite> <!-- com.TestNG.Selenium.Ohrm_Login_EmpData_Logout_PropertiesFile -->
